2021-02-11 08:32:49,767 DEBUG run onSaveProductsParam ESH1: tick = 0.25, percent_entry = 0.1;
ZNH1: tick = (1/64);
APPL: tick = 0.01, size = 25, max_past_high_lag = 5, min_past_low_lag = 5, bar_size = 30
2021-02-11 08:32:55,967 DEBUG run onSaveProductsParam ESH1: tick = 0.25, percent_entry = 0.1;
ZNH1: tick = (1/64);
APPL: tick = 0.01, size = 25, max_past_high_lag = 5, min_past_low_lag = 5, bar_size = 30
2021-02-11 08:32:57,103 DEBUG run onSaveProductsParam ESH1: tick = 0.25, percent_entry = 0.1;
ZNH1: tick = (1/64);
APPL: tick = 0.01, size = 25, max_past_high_lag = 5, min_past_low_lag = 5, bar_size = 30
2021-02-11 08:32:57,783 DEBUG run onSaveProductsParam ESH1: tick = 0.25, percent_entry = 0.1;
ZNH1: tick = (1/64);
APPL: tick = 0.01, size = 25, max_past_high_lag = 5, min_past_low_lag = 5, bar_size = 30
2021-02-11 08:32:58,295 DEBUG run onSaveProductsParam ESH1: tick = 0.25, percent_entry = 0.1;
ZNH1: tick = (1/64);
APPL: tick = 0.01, size = 25, max_past_high_lag = 5, min_past_low_lag = 5, bar_size = 30
2021-02-11 08:32:58,631 DEBUG run onSaveProductsParam ESH1: tick = 0.25, percent_entry = 0.1;
ZNH1: tick = (1/64);
APPL: tick = 0.01, size = 25, max_past_high_lag = 5, min_past_low_lag = 5, bar_size = 30
2021-02-11 08:32:58,919 DEBUG run onSaveProductsParam ESH1: tick = 0.25, percent_entry = 0.1;
ZNH1: tick = (1/64);
APPL: tick = 0.01, size = 25, max_past_high_lag = 5, min_past_low_lag = 5, bar_size = 30
2021-02-11 08:32:59,335 DEBUG run onSaveProductsParam ESH1: tick = 0.25, percent_entry = 0.1;
ZNH1: tick = (1/64);
APPL: tick = 0.01, size = 25, max_past_high_lag = 5, min_past_low_lag = 5, bar_size = 30
2021-02-11 08:33:00,127 DEBUG run onSaveProductsParam ESH1: tick = 0.25, percent_entry = 0.1;
ZNH1: tick = (1/64);
APPL: tick = 0.01, size = 25, max_past_high_lag = 5, min_past_low_lag = 5, bar_size = 30
2021-02-11 08:33:00,407 DEBUG run onSaveProductsParam ESH1: tick = 0.25, percent_entry = 0.1;
ZNH1: tick = (1/64);
APPL: tick = 0.01, size = 25, max_past_high_lag = 5, min_past_low_lag = 5, bar_size = 30
2021-02-11 08:33:00,840 DEBUG run onSaveProductsParam ESH1: tick = 0.25, percent_entry = 0.1;
ZNH1: tick = (1/64);
APPL: tick = 0.01, size = 25, max_past_high_lag = 5, min_past_low_lag = 5, bar_size = 30
2021-02-11 08:35:23,648 DEBUG run onSaveProductsParam ESH1: tick = 0.25, percent_entry = 0.1;
ZNH1: tick = (1/64);
APPL: tick = 0.01, size = 25, max_past_high_lag = 5, min_past_low_lag = 5, bar_size = 30
2021-02-11 08:35:32,464 DEBUG run onSaveProductsParam ESH1: tick = 0.25, percent_entry = 0.1;
ZNH1: tick = (1/64);
APPL: tick = 0.01, size = 25, max_past_high_lag = 5, min_past_low_lag = 5, bar_size = 30
2021-02-11 08:35:32,679 DEBUG run onSaveProductsParam ESH1: tick = 0.25, percent_entry = 0.1;
ZNH1: tick = (1/64);
APPL: tick = 0.01, size = 25, max_past_high_lag = 5, min_past_low_lag = 5, bar_size = 30
2021-02-11 08:35:32,848 DEBUG run onSaveProductsParam ESH1: tick = 0.25, percent_entry = 0.1;
ZNH1: tick = (1/64);
APPL: tick = 0.01, size = 25, max_past_high_lag = 5, min_past_low_lag = 5, bar_size = 30
2021-02-11 08:35:33,031 DEBUG run onSaveProductsParam ESH1: tick = 0.25, percent_entry = 0.1;
ZNH1: tick = (1/64);
APPL: tick = 0.01, size = 25, max_past_high_lag = 5, min_past_low_lag = 5, bar_size = 30
2021-02-11 08:35:33,231 DEBUG run onSaveProductsParam ESH1: tick = 0.25, percent_entry = 0.1;
ZNH1: tick = (1/64);
APPL: tick = 0.01, size = 25, max_past_high_lag = 5, min_past_low_lag = 5, bar_size = 30
2021-02-11 08:35:33,455 DEBUG run onSaveProductsParam ESH1: tick = 0.25, percent_entry = 0.1;
ZNH1: tick = (1/64);
APPL: tick = 0.01, size = 25, max_past_high_lag = 5, min_past_low_lag = 5, bar_size = 30
2021-02-11 08:36:08,184 DEBUG run onSaveProductsParam ESH1: tick = 0.25, percent_entry = 0.1;
ZNH1: tick = (1/64);
APPL: tick = 0.01, size = 25, max_past_high_lag = 5, min_past_low_lag = 5, bar_size = 30
2021-02-11 08:36:08,600 DEBUG run onSaveProductsParam ESH1: tick = 0.25, percent_entry = 0.1;
ZNH1: tick = (1/64);
APPL: tick = 0.01, size = 25, max_past_high_lag = 5, min_past_low_lag = 5, bar_size = 30
2021-02-11 08:36:08,767 DEBUG run onSaveProductsParam ESH1: tick = 0.25, percent_entry = 0.1;
ZNH1: tick = (1/64);
APPL: tick = 0.01, size = 25, max_past_high_lag = 5, min_past_low_lag = 5, bar_size = 30
2021-02-11 08:36:08,952 DEBUG run onSaveProductsParam ESH1: tick = 0.25, percent_entry = 0.1;
ZNH1: tick = (1/64);
APPL: tick = 0.01, size = 25, max_past_high_lag = 5, min_past_low_lag = 5, bar_size = 30
2021-02-11 08:36:09,128 DEBUG run onSaveProductsParam ESH1: tick = 0.25, percent_entry = 0.1;
ZNH1: tick = (1/64);
APPL: tick = 0.01, size = 25, max_past_high_lag = 5, min_past_low_lag = 5, bar_size = 30
2021-02-11 08:36:09,335 DEBUG run onSaveProductsParam ESH1: tick = 0.25, percent_entry = 0.1;
ZNH1: tick = (1/64);
APPL: tick = 0.01, size = 25, max_past_high_lag = 5, min_past_low_lag = 5, bar_size = 30
2021-02-11 08:36:09,559 DEBUG run onSaveProductsParam ESH1: tick = 0.25, percent_entry = 0.1;
ZNH1: tick = (1/64);
APPL: tick = 0.01, size = 25, max_past_high_lag = 5, min_past_low_lag = 5, bar_size = 30
2021-02-11 08:37:14,967 DEBUG run onSaveProductsParam ESH1: tick = 0.25, percent_entry = 0.1;
ZNH1: tick = (1/64);
APPL: tick = 0.01, size = 25, max_past_high_lag = 5, min_past_low_lag = 5, bar_size = 30
2021-02-11 08:37:15,160 DEBUG run onSaveProductsParam ESH1: tick = 0.25, percent_entry = 0.1;
ZNH1: tick = (1/64);
APPL: tick = 0.01, size = 25, max_past_high_lag = 5, min_past_low_lag = 5, bar_size = 30
2021-02-11 08:37:15,351 DEBUG run onSaveProductsParam ESH1: tick = 0.25, percent_entry = 0.1;
ZNH1: tick = (1/64);
APPL: tick = 0.01, size = 25, max_past_high_lag = 5, min_past_low_lag = 5, bar_size = 30
2021-02-11 08:37:15,535 DEBUG run onSaveProductsParam ESH1: tick = 0.25, percent_entry = 0.1;
ZNH1: tick = (1/64);
APPL: tick = 0.01, size = 25, max_past_high_lag = 5, min_past_low_lag = 5, bar_size = 30
2021-02-11 08:37:15,720 DEBUG run onSaveProductsParam ESH1: tick = 0.25, percent_entry = 0.1;
ZNH1: tick = (1/64);
APPL: tick = 0.01, size = 25, max_past_high_lag = 5, min_past_low_lag = 5, bar_size = 30
2021-02-11 08:37:15,895 DEBUG run onSaveProductsParam ESH1: tick = 0.25, percent_entry = 0.1;
ZNH1: tick = (1/64);
APPL: tick = 0.01, size = 25, max_past_high_lag = 5, min_past_low_lag = 5, bar_size = 30
2021-02-11 08:37:16,096 DEBUG run onSaveProductsParam ESH1: tick = 0.25, percent_entry = 0.1;
ZNH1: tick = (1/64);
APPL: tick = 0.01, size = 25, max_past_high_lag = 5, min_past_low_lag = 5, bar_size = 30
2021-02-11 08:37:16,288 DEBUG run onSaveProductsParam ESH1: tick = 0.25, percent_entry = 0.1;
ZNH1: tick = (1/64);
APPL: tick = 0.01, size = 25, max_past_high_lag = 5, min_past_low_lag = 5, bar_size = 30
2021-02-11 08:37:16,480 DEBUG run onSaveProductsParam ESH1: tick = 0.25, percent_entry = 0.1;
ZNH1: tick = (1/64);
APPL: tick = 0.01, size = 25, max_past_high_lag = 5, min_past_low_lag = 5, bar_size = 30
2021-02-11 08:37:16,672 DEBUG run onSaveProductsParam ESH1: tick = 0.25, percent_entry = 0.1;
ZNH1: tick = (1/64);
APPL: tick = 0.01, size = 25, max_past_high_lag = 5, min_past_low_lag = 5, bar_size = 30
2021-02-11 08:37:16,864 DEBUG run onSaveProductsParam ESH1: tick = 0.25, percent_entry = 0.1;
ZNH1: tick = (1/64);
APPL: tick = 0.01, size = 25, max_past_high_lag = 5, min_past_low_lag = 5, bar_size = 30
2021-02-11 08:37:17,071 DEBUG run onSaveProductsParam ESH1: tick = 0.25, percent_entry = 0.1;
ZNH1: tick = (1/64);
APPL: tick = 0.01, size = 25, max_past_high_lag = 5, min_past_low_lag = 5, bar_size = 30
2021-02-11 08:37:17,264 DEBUG run onSaveProductsParam ESH1: tick = 0.25, percent_entry = 0.1;
ZNH1: tick = (1/64);
APPL: tick = 0.01, size = 25, max_past_high_lag = 5, min_past_low_lag = 5, bar_size = 30
2021-02-11 08:37:17,455 DEBUG run onSaveProductsParam ESH1: tick = 0.25, percent_entry = 0.1;
ZNH1: tick = (1/64);
APPL: tick = 0.01, size = 25, max_past_high_lag = 5, min_past_low_lag = 5, bar_size = 30
2021-02-11 08:37:17,664 DEBUG run onSaveProductsParam ESH1: tick = 0.25, percent_entry = 0.1;
ZNH1: tick = (1/64);
APPL: tick = 0.01, size = 25, max_past_high_lag = 5, min_past_low_lag = 5, bar_size = 30
2021-02-11 08:38:11,720 DEBUG run onSaveProductsParam ESH1: tick = 0.25, percent_entry = 0.1;
ZNH1: tick = (1/64);
APPL: tick = 0.01, size = 25, max_past_high_lag = 5, min_past_low_lag = 5, bar_size = 30
2021-02-11 08:38:12,552 DEBUG run onSaveProductsParam ESH1: tick = 0.25, percent_entry = 0.1;
ZNH1: tick = (1/64);
APPL: tick = 0.01, size = 25, max_past_high_lag = 5, min_past_low_lag = 5, bar_size = 30
2021-02-11 08:38:12,567 DEBUG run onSaveProductsParam ESH1: tick = 0.25, percent_entry = 0.1;
ZNH1: tick = (1/64);
APPL: tick = 0.01, size = 25, max_past_high_lag = 5, min_past_low_lag = 5, bar_size = 30
2021-02-11 08:38:13,232 DEBUG run onSaveProductsParam ESH1: tick = 0.25, percent_entry = 0.1;
ZNH1: tick = (1/64);
APPL: tick = 0.01, size = 25, max_past_high_lag = 5, min_past_low_lag = 5, bar_size = 30
2021-02-11 08:38:14,008 DEBUG run onSaveProductsParam ESH1: tick = 0.25, percent_entry = 0.1;
ZNH1: tick = (1/64);
APPL: tick = 0.01, size = 25, max_past_high_lag = 5, min_past_low_lag = 5, bar_size = 30
2021-02-11 08:38:15,225 DEBUG run onSaveProductsParam ESH1: tick = 0.25, percent_entry = 0.1;
ZNH1: tick = (1/64);
APPL: tick = 0.01, size = 25, max_past_high_lag = 5, min_past_low_lag = 5, bar_size = 30

===== 2021-02-11 08:38:54,680 DEBUG run onSaveProductsParam ESH1: tick = 0.25, percent_entry = 0.1;
ZNH1: tick = (1/64);
APPL: tick = 0.01, size = 25, max_past_high_lag = 5, min_past_low_lag = 5, bar_size = 30

===== 2021-02-11 08:38:55,976 DEBUG run onSaveProductsParam ESH1: tick = 0.25, percent_entry = 0.1;
ZNH1: tick = (1/64);
APPL: tick = 0.01, size = 25, max_past_high_lag = 5, min_past_low_lag = 5, bar_size = 30

===== 2021-02-11 08:38:55,992 DEBUG run onSaveProductsParam ESH1: tick = 0.25, percent_entry = 0.1;
ZNH1: tick = (1/64);
APPL: tick = 0.01, size = 25, max_past_high_lag = 5, min_past_low_lag = 5, bar_size = 30
02/11/2021 08:43:54 AM DEBUG run onSaveProductsParam ESH1: tick = 0.25, percent_entry = 0.1;
ZNH1: tick = (1/64);
APPL: tick = 0.01, size = 25, max_past_high_lag = 5, min_past_low_lag = 5, bar_size = 30
02/11/2021 08:43:57 AM DEBUG run onSaveProductsParam ESH1: tick = 0.25, percent_entry = 0.1;
ZNH1: tick = (1/64);
APPL: tick = 0.01, size = 25, max_past_high_lag = 5, min_past_low_lag = 5, bar_size = 30
02/11/2021 08:44:49 AM DEBUG run ESH1: tick = 0.25, percent_entry = 0.1;
ZNH1: tick = (1/64);
APPL: tick = 0.01, size = 25, max_past_high_lag = 5, min_past_low_lag = 5, bar_size = 30
02/11/2021 08:45:38 AM DEBUG run ESH1: tick = 0.25, percent_entry = 0.1;
ZNH1: tick = (1/64);
APPL: tick = 0.01, size = 25, max_past_high_lag = 5, min_past_low_lag = 5, bar_size = 30
02/11/2021 08:45:39 AM DEBUG run ESH1: tick = 0.25, percent_entry = 0.1;
ZNH1: tick = (1/64);
APPL: tick = 0.01, size = 25, max_past_high_lag = 5, min_past_low_lag = 5, bar_size = 30
02/11/2021 08:45:40 AM DEBUG run ESH1: tick = 0.25, percent_entry = 0.1;
ZNH1: tick = (1/64);
APPL: tick = 0.01, size = 25, max_past_high_lag = 5, min_past_low_lag = 5, bar_size = 30
02/11/2021 08:45:40 AM DEBUG run ESH1: tick = 0.25, percent_entry = 0.1;
ZNH1: tick = (1/64);
APPL: tick = 0.01, size = 25, max_past_high_lag = 5, min_past_low_lag = 5, bar_size = 30
02/11/2021 08:45:40 AM DEBUG run ESH1: tick = 0.25, percent_entry = 0.1;
ZNH1: tick = (1/64);
APPL: tick = 0.01, size = 25, max_past_high_lag = 5, min_past_low_lag = 5, bar_size = 30
02/11/2021 08:45:43 AM DEBUG run ESH1: tick = 0.25, percent_entry = 0.1;
ZNH1: tick = (1/64);
APPL: tick = 0.01, size = 25, max_past_high_lag = 5, min_past_low_lag = 5, bar_size = 30
02/11/2021 08:45:44 AM DEBUG run ESH1: tick = 0.25, percent_entry = 0.1;
ZNH1: tick = (1/64);
APPL: tick = 0.01, size = 25, max_past_high_lag = 5, min_past_low_lag = 5, bar_size = 30
02/11/2021 08:45:44 AM DEBUG run ESH1: tick = 0.25, percent_entry = 0.1;
ZNH1: tick = (1/64);
APPL: tick = 0.01, size = 25, max_past_high_lag = 5, min_past_low_lag = 5, bar_size = 30
02/11/2021 08:45:44 AM DEBUG run ESH1: tick = 0.25, percent_entry = 0.1;
ZNH1: tick = (1/64);
APPL: tick = 0.01, size = 25, max_past_high_lag = 5, min_past_low_lag = 5, bar_size = 30
02/11/2021 08:45:44 AM DEBUG run ESH1: tick = 0.25, percent_entry = 0.1;
ZNH1: tick = (1/64);
APPL: tick = 0.01, size = 25, max_past_high_lag = 5, min_past_low_lag = 5, bar_size = 30
02/11/2021 08:45:44 AM DEBUG run ESH1: tick = 0.25, percent_entry = 0.1;
ZNH1: tick = (1/64);
APPL: tick = 0.01, size = 25, max_past_high_lag = 5, min_past_low_lag = 5, bar_size = 30
